<?xml version="1.0" encoding="utf-8"?><testsuites name="pytest tests"><testsuite name="pytest" errors="0" failures="0" skipped="0" tests="10" time="38.496" timestamp="2026-05-16T10:52:13.117809-07:00" hostname="DellLatitude"><testcase classname="modules.SQA-DT.test_route_editor_crud" name="test_route_editor_crud" time="7.297" /><testcase classname="modules.SQA-DT.test_route_editor_crud" name="test_route_step_crud" time="3.538" /><testcase classname="modules.SQA-DT.test_route_editor_crud" name="test_route_step_disposition_wiring" time="3.173" /><testcase classname="modules.SQA-DT.test_route_editor_crud" name="test_route_disposition_editor_crud" time="2.600" /><testcase classname="modules.SQA-DT.test_route_editor_crud" name="test_route_product_assignment" time="2.990" /><testcase classname="modules.SQA-DT.test_route_editor_crud" name="test_route_material_assignment" time="2.756" /><testcase classname="modules.SQA-DT.test_route_editor_crud" name="test_route_step_parameter_editor" time="4.163" /><testcase classname="modules.SQA-DT.test_route_editor_crud" name="test_route_step_data_definition_editor" time="4.242" /><testcase classname="modules.SQA-DT.test_route_editor_crud" name="test_route_step_equipment_requirements_editor" time="4.041" /><testcase classname="modules.SQA-DT.test_route_editor_crud" name="test_route_step_material_requirements_editor" time="3.537" /></testsuite></testsuites>