<?xml version="1.0" encoding="utf-8"?><testsuites name="pytest tests"><testsuite name="pytest" errors="0" failures="0" skipped="0" tests="7" time="15.849" timestamp="2026-05-13T10:50:06.619587-07:00" hostname="DellLatitude"><testcase classname="modules.SQA-DT.test_uom_crud" name="test_uom_create_scalar" time="5.895" /><testcase classname="modules.SQA-DT.test_uom_crud" name="test_uom_edit_scalar" time="1.638" /><testcase classname="modules.SQA-DT.test_uom_crud" name="test_uom_delete" time="1.213" /><testcase classname="modules.SQA-DT.test_uom_crud" name="test_uom_create_quotient" time="1.826" /><testcase classname="modules.SQA-DT.test_uom_crud" name="test_uom_type_filter" time="1.071" /><testcase classname="modules.SQA-DT.test_uom_crud" name="test_uom_create_product" time="1.640" /><testcase classname="modules.SQA-DT.test_uom_crud" name="test_uom_create_power" time="2.194" /></testsuite></testsuites>