<?xml version="1.0" encoding="utf-8"?><testsuites name="pytest tests"><testsuite name="pytest" errors="0" failures="0" skipped="0" tests="28" time="72.490" timestamp="2026-05-13T11:09:35.553705-07:00" hostname="DellLatitude"><testcase classname="modules.SQA-DT.test_uom_crud" name="test_uom_create_scalar" time="6.781" /><testcase classname="modules.SQA-DT.test_uom_crud" name="test_uom_edit_scalar" time="2.482" /><testcase classname="modules.SQA-DT.test_uom_crud" name="test_uom_delete" time="1.872" /><testcase classname="modules.SQA-DT.test_uom_crud" name="test_uom_create_quotient" time="2.572" /><testcase classname="modules.SQA-DT.test_uom_crud" name="test_uom_type_filter" time="1.871" /><testcase classname="modules.SQA-DT.test_uom_crud" name="test_uom_create_product" time="2.500" /><testcase classname="modules.SQA-DT.test_uom_crud" name="test_uom_create_power" time="2.780" /><testcase classname="modules.SQA-DT.test_work_schedule_crud" name="test_work_schedule_create" time="2.492" /><testcase classname="modules.SQA-DT.test_work_schedule_crud" name="test_work_schedule_edit" time="2.440" /><testcase classname="modules.SQA-DT.test_work_schedule_crud" name="test_work_schedule_delete" time="1.911" /><testcase classname="modules.SQA-DT.test_work_schedule_crud" name="test_work_schedule_open_detail" time="2.115" /><testcase classname="modules.SQA-DT.test_work_schedule_non_working_period_crud" name="test_work_schedule_non_working_period_create" time="2.288" /><testcase classname="modules.SQA-DT.test_work_schedule_non_working_period_crud" name="test_work_schedule_non_working_period_edit" time="2.696" /><testcase classname="modules.SQA-DT.test_work_schedule_non_working_period_crud" name="test_work_schedule_non_working_period_delete" time="1.670" /><testcase classname="modules.SQA-DT.test_work_schedule_queries" name="test_work_schedule_shift_instances_query" time="2.419" /><testcase classname="modules.SQA-DT.test_work_schedule_queries" name="test_work_schedule_shift_instances_empty_state" time="2.466" /><testcase classname="modules.SQA-DT.test_work_schedule_rotation_crud" name="test_work_schedule_rotation_create" time="2.131" /><testcase classname="modules.SQA-DT.test_work_schedule_rotation_crud" name="test_work_schedule_rotation_edit" time="2.182" /><testcase classname="modules.SQA-DT.test_work_schedule_rotation_crud" name="test_work_schedule_rotation_delete" time="2.532" /><testcase classname="modules.SQA-DT.test_work_schedule_rotation_crud" name="test_work_schedule_rotation_add_segment" time="2.056" /><testcase classname="modules.SQA-DT.test_work_schedule_shift_crud" name="test_work_schedule_shift_create" time="1.945" /><testcase classname="modules.SQA-DT.test_work_schedule_shift_crud" name="test_work_schedule_shift_edit" time="2.212" /><testcase classname="modules.SQA-DT.test_work_schedule_shift_crud" name="test_work_schedule_shift_delete" time="2.346" /><testcase classname="modules.SQA-DT.test_work_schedule_shift_crud" name="test_work_schedule_add_break" time="2.776" /><testcase classname="modules.SQA-DT.test_work_schedule_team_crud" name="test_work_schedule_team_create" time="2.631" /><testcase classname="modules.SQA-DT.test_work_schedule_team_crud" name="test_work_schedule_team_edit" time="3.315" /><testcase classname="modules.SQA-DT.test_work_schedule_team_crud" name="test_work_schedule_team_delete" time="3.217" /><testcase classname="modules.SQA-DT.test_work_schedule_team_crud" name="test_work_schedule_team_add_member" time="3.556" /></testsuite></testsuites>