<?xml version="1.0" encoding="utf-8"?><testsuites name="pytest tests"><testsuite name="pytest" errors="0" failures="0" skipped="0" tests="6" time="16.014" timestamp="2026-05-13T11:45:09.342106-07:00" hostname="DellLatitude"><testcase classname="modules.SQA-DT.test_product_bom_crud" name="test_bom_create" time="5.744" /><testcase classname="modules.SQA-DT.test_product_bom_crud" name="test_bom_edit" time="1.707" /><testcase classname="modules.SQA-DT.test_product_bom_crud" name="test_bom_delete" time="1.406" /><testcase classname="modules.SQA-DT.test_product_bom_crud" name="test_bom_item_create" time="2.696" /><testcase classname="modules.SQA-DT.test_product_bom_crud" name="test_bom_item_edit" time="2.675" /><testcase classname="modules.SQA-DT.test_product_bom_crud" name="test_bom_item_delete" time="1.650" /></testsuite></testsuites>